[01:47:01] [main/INFO] [LaunchWrapper]: Loading tweak class name net.minecraftforge.fml.common.launcher.FMLServerTweaker
[01:47:01] [main/INFO] [LaunchWrapper]: Using primary tweak class name net.minecraftforge.fml.common.launcher.FMLServerTweaker
[01:47:01] [main/INFO] [LaunchWrapper]: Calling tweak class net.minecraftforge.fml.common.launcher.FMLServerTweaker
[01:47:01] [main/DEBUG] [FML]: Injecting tracing printstreams for STDOUT/STDERR.
[01:47:01] [main/INFO] [FML]: Forge Mod Loader version 14.23.5.2860 for Minecraft 1.12.2 loading
[01:47:01] [main/INFO] [FML]: Java is OpenJDK 64-Bit Server VM, version 1.8.0_452, running on Linux:amd64:6.8.0-1027-azure, installed at /usr/lib/jvm/java-8-openjdk-amd64/jre
[01:47:01] [main/DEBUG] [FML]: Java classpath at launch is:
[01:47:01] [main/DEBUG] [FML]:     mohist.jar
[01:47:01] [main/DEBUG] [FML]: Java library path at launch is:
[01:47:01] [main/DEBUG] [FML]:     /tmp/_MEIRx7bck
[01:47:01] [main/DEBUG] [FML]:     /usr/java/packages/lib/amd64
[01:47:01] [main/DEBUG] [FML]:     /usr/lib/x86_64-linux-gnu/jni
[01:47:01] [main/DEBUG] [FML]:     /lib/x86_64-linux-gnu
[01:47:01] [main/DEBUG] [FML]:     /usr/lib/x86_64-linux-gnu
[01:47:01] [main/DEBUG] [FML]:     /usr/lib/jni
[01:47:01] [main/DEBUG] [FML]:     /lib
[01:47:01] [main/DEBUG] [FML]:     /usr/lib
[01:47:01] [main/DEBUG] [FML]: Determined Minecraft Libraries Root: ./libraries
[01:47:01] [main/DEBUG] [FML]: Cleaning up mods folder: ./mods
[01:47:01] [main/DEBUG] [FML]: Examining file: mowziesmobs_1.12.2_1.5.8.jar
[01:47:01] [main/DEBUG] [FML]: Examining file: minecolonies-1.12.2-0.11.841-BETA-universal.jar
[01:47:01] [main/DEBUG] [FML]: Extracting ContainedDep META-INF/libraries/structurize-1.12.2-0.10.277-RELEASE.jar(com.ldtteam:structurize:1.12.2-0.10.277-RELEASE) from ./mods/minecolonies-1.12.2-0.11.841-BETA-universal.jar to /workspaces/EPICILand/servidor_minecraft/mods/memory_repo/com/ldtteam/structurize/1.12.2-0.10.277-RELEASE/structurize-1.12.2-0.10.277-RELEASE.jar
[01:47:01] [main/DEBUG] [FML]: Extracted ContainedDep META-INF/libraries/structurize-1.12.2-0.10.277-RELEASE.jar(com.ldtteam:structurize:1.12.2-0.10.277-RELEASE) from ./mods/minecolonies-1.12.2-0.11.841-BETA-universal.jar to /workspaces/EPICILand/servidor_minecraft/mods/memory_repo/com/ldtteam/structurize/1.12.2-0.10.277-RELEASE/structurize-1.12.2-0.10.277-RELEASE.jar
[01:47:01] [main/DEBUG] [FML]: Examining file: structurize-1.12.2-0.10.277-RELEASE.jar
[01:47:01] [main/DEBUG] [FML]: Extracting ContainedDep META-INF/libraries/MathParser.org-mXparser-4.0.0.jar from ./mods/memory_repo/com/ldtteam/structurize/1.12.2-0.10.277-RELEASE/structurize-1.12.2-0.10.277-RELEASE.jar to /workspaces/EPICILand/servidor_minecraft/mods/1.12.2/MathParser.org-mXparser-4.0.0.jar
[01:47:01] [main/DEBUG] [FML]: Extracted ContainedDep META-INF/libraries/MathParser.org-mXparser-4.0.0.jar from ./mods/memory_repo/com/ldtteam/structurize/1.12.2-0.10.277-RELEASE/structurize-1.12.2-0.10.277-RELEASE.jar to /workspaces/EPICILand/servidor_minecraft/mods/1.12.2/MathParser.org-mXparser-4.0.0.jar
[01:47:01] [main/DEBUG] [FML]: Examining file: MathParser.org-mXparser-4.0.0.jar
[01:47:01] [main/DEBUG] [FML]: Making maven link for com.minecolonies:minecolonies:1.12.2-0.11.841-ALPHA:universal in memory to /workspaces/EPICILand/servidor_minecraft/./mods/minecolonies-1.12.2-0.11.841-BETA-universal.jar.
[01:47:01] [main/DEBUG] [FML]: Examining file: antiqueatlas-1.12.2-4.6.3.jar
[01:47:01] [main/DEBUG] [FML]: Examining file: ancientwarfare-1.12.2-2.7.0.1038.jar
[01:47:01] [main/DEBUG] [FML]: Examining file: CodeChickenLib-1.12.2-3.2.3.358-universal.jar
[01:47:01] [main/DEBUG] [FML]: Examining file: FTBLib-5.4.7.0.jar
[01:47:01] [main/DEBUG] [FML]: Examining file: FTBQuests-1.8.1.239.jar
[01:47:01] [main/DEBUG] [FML]: Examining file: ElectroblobsWizardry-4.3.14.jar
[01:47:01] [main/DEBUG] [FML]: Examining file: iceandfire-1.9.1-1.12.2.jar
[01:47:01] [main/DEBUG] [FML]: Examining file: EpicFightMod-1.12.2-2.2.8.jar
[01:47:01] [main/DEBUG] [FML]: Examining file: Roots-1.12.2-3.1.9.2.jar
[01:47:01] [main/DEBUG] [FML]: Examining file: DynamicSurroundings-1.12.2-3.6.3.jar
[01:47:01] [main/DEBUG] [FML]: Examining file: CreativeCore_v1.10.71_mc1.12.2.jar
[01:47:01] [main/DEBUG] [FML]: Examining file: OreLib-1.12.2-3.6.0.1.jar
[01:47:01] [main/DEBUG] [FML]: Making maven link for org.orecruncher:OreLib:1.12.2-3.6.0.1 in memory to /workspaces/EPICILand/servidor_minecraft/./mods/OreLib-1.12.2-3.6.0.1.jar.
[01:47:01] [main/DEBUG] [FML]: Examining file: SpartanShields-1.12.2-1.5.5.jar
[01:47:01] [main/DEBUG] [FML]: Examining file: jei_1.12.2-4.16.1.1013.jar
[01:47:01] [main/DEBUG] [FML]: Examining file: Mine and Slash-1.12.2-1.9.7.jar
[01:47:01] [main/DEBUG] [FML]: Examining file: PlayerRevive_v1.2.40_mc1.12.2.jar
[01:47:01] [main/DEBUG] [FML]: Examining file: mysticallib-1.12.2-1.13.0.jar
[01:47:01] [main/DEBUG] [FML]: Examining file: ItemFilters-1.0.4.2.jar
[01:47:01] [main/DEBUG] [FML]: Examining file: millenaire-8.1.2.jar
[01:47:01] [main/DEBUG] [FML]: Examining file: Waystones_1.12.2-4.1.0.jar
[01:47:01] [main/DEBUG] [FML]: Examining file: mysticalworld-1.12.2-1.11.0.jar
[01:47:01] [main/DEBUG] [FML]: Examining file: BloodMagic-1.12.2-2.4.3-105.jar
[01:47:01] [main/DEBUG] [FML]: Examining file: firstaid-1.6.22.jar
[01:47:01] [main/DEBUG] [FML]: Examining file: CustomNPCs_1.12.2-(05Jul20).jar
[01:47:01] [main/DEBUG] [FML]: Examining file: levelup2-1.5.8.jar
[01:47:01] [main/DEBUG] [FML]: Examining file: Baubles-1.12-1.5.2.jar
[01:47:01] [main/DEBUG] [FML]: Examining file: dldungeonsjbg-1.14.14-MC1.12.2.jar
[01:47:01] [main/DEBUG] [FML]: Examining file: BattleTowers-1.12.2.jar
[01:47:01] [main/DEBUG] [FML]: Examining file: Guide-API-1.12-2.1.8-63.jar
[01:47:01] [main/DEBUG] [FML]: Examining file: AppleSkin-mc1.12-1.0.14.jar
[01:47:01] [main/DEBUG] [FML]: Examining file: rustic-1.2.0.jar
[01:47:01] [main/DEBUG] [FML]: Examining file: RoguelikeDungeons-1.12.2-1.8.0.jar
[01:47:01] [main/DEBUG] [FML]: Examining file: llibrary-1.7.20-1.12.2.jar
[01:47:01] [main/DEBUG] [FML]: Extracting ContainedDep llibrary-core-1.0.11-1.12.2.jar(net.ilexiconn:llibrary-core:1.0.11-1.12.2) from ./mods/llibrary-1.7.20-1.12.2.jar to /workspaces/EPICILand/servidor_minecraft/mods/memory_repo/net/ilexiconn/llibrary-core/1.0.11-1.12.2/llibrary-core-1.0.11-1.12.2.jar
[01:47:01] [main/DEBUG] [FML]: Extracted ContainedDep llibrary-core-1.0.11-1.12.2.jar(net.ilexiconn:llibrary-core:1.0.11-1.12.2) from ./mods/llibrary-1.7.20-1.12.2.jar to /workspaces/EPICILand/servidor_minecraft/mods/memory_repo/net/ilexiconn/llibrary-core/1.0.11-1.12.2/llibrary-core-1.0.11-1.12.2.jar
[01:47:01] [main/DEBUG] [FML]: Examining file: llibrary-core-1.0.11-1.12.2.jar
[01:47:01] [main/DEBUG] [FML]: Making maven link for net.ilexiconn:llibrary:1.7.20-1.12.2 in memory to /workspaces/EPICILand/servidor_minecraft/./mods/llibrary-1.7.20-1.12.2.jar.
[01:47:01] [main/DEBUG] [FML]: Examining file: Patchouli-1.0-23.6.jar
[01:47:01] [main/DEBUG] [FML]: Examining file: structurize-1.12.2-0.10.277-RELEASE.jar
[01:47:01] [main/DEBUG] [FML]: Found existing ContainDep extracted to /workspaces/EPICILand/servidor_minecraft/mods/1.12.2/MathParser.org-mXparser-4.0.0.jar, skipping extraction
[01:47:01] [main/DEBUG] [FML]: Making maven link for com.ldtteam:structurize:1.12.2-0.10.277-RELEASE in memory to /workspaces/EPICILand/servidor_minecraft/./mods/structurize-1.12.2-0.10.277-RELEASE.jar.
[01:47:01] [main/DEBUG] [FML]: Examining file: BiomesOPlenty-1.12.2-7.0.1.2445-universal.jar
[01:47:01] [main/DEBUG] [FML]: Examining file: SpartanWeaponry-1.12.2-1.6.0.jar
[01:47:01] [main/DEBUG] [FML]: Cleaning up mods folder: ./mods/1.12.2
[01:47:01] [main/DEBUG] [FML]: File already proccessed /workspaces/EPICILand/servidor_minecraft/./mods/1.12.2/MathParser.org-mXparser-4.0.0.jar, Skipping
[01:47:01] [main/DEBUG] [FML]: File already proccessed /workspaces/EPICILand/servidor_minecraft/./mods/structurize-1.12.2-0.10.277-RELEASE.jar, Skipping
[01:47:01] [main/DEBUG] [FML]: File already proccessed /workspaces/EPICILand/servidor_minecraft/./mods/minecolonies-1.12.2-0.11.841-BETA-universal.jar, Skipping
[01:47:01] [main/DEBUG] [FML]: File already proccessed /workspaces/EPICILand/servidor_minecraft/./mods/OreLib-1.12.2-3.6.0.1.jar, Skipping
[01:47:01] [main/DEBUG] [FML]: File already proccessed /workspaces/EPICILand/servidor_minecraft/./mods/memory_repo/net/ilexiconn/llibrary-core/1.0.11-1.12.2/llibrary-core-1.0.11-1.12.2.jar, Skipping
[01:47:01] [main/DEBUG] [FML]: File already proccessed /workspaces/EPICILand/servidor_minecraft/./mods/llibrary-1.7.20-1.12.2.jar, Skipping
[01:47:01] [main/DEBUG] [FML]: Enabling runtime deobfuscation
[01:47:01] [main/DEBUG] [FML]: Instantiating coremod class FMLCorePlugin
[01:47:01] [main/DEBUG] [FML]: The coremod FMLCorePlugin (net.minecraftforge.fml.relauncher.FMLCorePlugin) is not signed!
[01:47:01] [main/DEBUG] [FML]: Added access transformer class net.minecraftforge.fml.common.asm.transformers.AccessTransformer to enqueued access transformers
[01:47:01] [main/DEBUG] [FML]: Enqueued coremod FMLCorePlugin
[01:47:01] [main/DEBUG] [FML]: Instantiating coremod class FMLForgePlugin
[01:47:01] [main/DEBUG] [FML]: The coremod FMLForgePlugin (net.minecraftforge.classloading.FMLForgePlugin) is not signed!
[01:47:01] [main/DEBUG] [FML]: Enqueued coremod FMLForgePlugin
[01:47:01] [main/DEBUG] [FML]: Instantiating coremod class MohistCorePlugin
[01:47:01] [main/DEBUG] [FML]: The coremod MohistCorePlugin (com.mohistmc.forge.MohistCorePlugin) is not signed!
[01:47:01] [main/DEBUG] [FML]: Enqueued coremod MohistCorePlugin
[01:47:01] [main/DEBUG] [FML]: All fundamental core mods are successfully located
[01:47:01] [main/DEBUG] [FML]: Discovering coremods
[01:47:01] [main/INFO] [FML]: Searching /workspaces/EPICILand/servidor_minecraft/./mods for mods
[01:47:01] [main/DEBUG] [FML]:   Adding mowziesmobs_1.12.2_1.5.8.jar to the mod list
[01:47:01] [main/DEBUG] [FML]:   Adding minecolonies-1.12.2-0.11.841-BETA-universal.jar to the mod list
[01:47:01] [main/DEBUG] [FML]:   Adding antiqueatlas-1.12.2-4.6.3.jar to the mod list
[01:47:01] [main/DEBUG] [FML]:   Adding ancientwarfare-1.12.2-2.7.0.1038.jar to the mod list
[01:47:01] [main/DEBUG] [FML]:   Adding CodeChickenLib-1.12.2-3.2.3.358-universal.jar to the mod list
[01:47:01] [main/DEBUG] [FML]:   Adding FTBLib-5.4.7.0.jar to the mod list
[01:47:01] [main/DEBUG] [FML]:   Adding FTBQuests-1.8.1.239.jar to the mod list
[01:47:01] [main/DEBUG] [FML]:   Adding ElectroblobsWizardry-4.3.14.jar to the mod list
[01:47:01] [main/DEBUG] [FML]:   Adding iceandfire-1.9.1-1.12.2.jar to the mod list
[01:47:01] [main/DEBUG] [FML]:   Adding EpicFightMod-1.12.2-2.2.8.jar to the mod list
[01:47:01] [main/DEBUG] [FML]:   Adding Roots-1.12.2-3.1.9.2.jar to the mod list
[01:47:01] [main/DEBUG] [FML]:   Adding DynamicSurroundings-1.12.2-3.6.3.jar to the mod list
[01:47:01] [main/DEBUG] [FML]:   Adding CreativeCore_v1.10.71_mc1.12.2.jar to the mod list
[01:47:01] [main/DEBUG] [FML]:   Adding OreLib-1.12.2-3.6.0.1.jar to the mod list
[01:47:01] [main/DEBUG] [FML]:   Adding SpartanShields-1.12.2-1.5.5.jar to the mod list
[01:47:01] [main/DEBUG] [FML]:   Adding jei_1.12.2-4.16.1.1013.jar to the mod list
[01:47:01] [main/DEBUG] [FML]:   Adding Mine and Slash-1.12.2-1.9.7.jar to the mod list
[01:47:01] [main/DEBUG] [FML]:   Adding PlayerRevive_v1.2.40_mc1.12.2.jar to the mod list
[01:47:01] [main/DEBUG] [FML]:   Adding mysticallib-1.12.2-1.13.0.jar to the mod list
[01:47:01] [main/DEBUG] [FML]:   Adding ItemFilters-1.0.4.2.jar to the mod list
[01:47:01] [main/DEBUG] [FML]:   Adding millenaire-8.1.2.jar to the mod list
[01:47:01] [main/DEBUG] [FML]:   Adding Waystones_1.12.2-4.1.0.jar to the mod list
[01:47:01] [main/DEBUG] [FML]:   Adding mysticalworld-1.12.2-1.11.0.jar to the mod list
[01:47:01] [main/DEBUG] [FML]:   Adding BloodMagic-1.12.2-2.4.3-105.jar to the mod list
[01:47:01] [main/DEBUG] [FML]:   Adding firstaid-1.6.22.jar to the mod list
[01:47:01] [main/DEBUG] [FML]:   Adding CustomNPCs_1.12.2-(05Jul20).jar to the mod list
[01:47:01] [main/DEBUG] [FML]:   Adding levelup2-1.5.8.jar to the mod list
[01:47:01] [main/DEBUG] [FML]:   Adding Baubles-1.12-1.5.2.jar to the mod list
[01:47:01] [main/DEBUG] [FML]:   Adding dldungeonsjbg-1.14.14-MC1.12.2.jar to the mod list
[01:47:01] [main/DEBUG] [FML]:   Adding BattleTowers-1.12.2.jar to the mod list
[01:47:01] [main/DEBUG] [FML]:   Adding Guide-API-1.12-2.1.8-63.jar to the mod list
[01:47:01] [main/DEBUG] [FML]:   Adding AppleSkin-mc1.12-1.0.14.jar to the mod list
[01:47:01] [main/DEBUG] [FML]:   Adding rustic-1.2.0.jar to the mod list
[01:47:01] [main/DEBUG] [FML]:   Adding RoguelikeDungeons-1.12.2-1.8.0.jar to the mod list
[01:47:01] [main/DEBUG] [FML]:   Adding llibrary-1.7.20-1.12.2.jar to the mod list
[01:47:01] [main/DEBUG] [FML]:   Adding Patchouli-1.0-23.6.jar to the mod list
[01:47:01] [main/DEBUG] [FML]:   Adding structurize-1.12.2-0.10.277-RELEASE.jar to the mod list
[01:47:01] [main/DEBUG] [FML]:   Adding BiomesOPlenty-1.12.2-7.0.1.2445-universal.jar to the mod list
[01:47:01] [main/DEBUG] [FML]:   Adding SpartanWeaponry-1.12.2-1.6.0.jar to the mod list
[01:47:01] [main/INFO] [FML]: Searching /workspaces/EPICILand/servidor_minecraft/./mods/1.12.2 for mods
[01:47:01] [main/DEBUG] [FML]:   Adding MathParser.org-mXparser-4.0.0.jar to the mod list
[01:47:01] [main/DEBUG] [FML]: Examining for coremod candidacy ancientwarfare-1.12.2-2.7.0.1038.jar
[01:47:01] [main/DEBUG] [FML]: Not found coremod data in ancientwarfare-1.12.2-2.7.0.1038.jar
[01:47:01] [main/DEBUG] [FML]: Examining for coremod candidacy antiqueatlas-1.12.2-4.6.3.jar
[01:47:01] [main/DEBUG] [FML]: Not found coremod data in antiqueatlas-1.12.2-4.6.3.jar
[01:47:01] [main/DEBUG] [FML]: Examining for coremod candidacy AppleSkin-mc1.12-1.0.14.jar
[01:47:01] [main/DEBUG] [FML]: Not found coremod data in AppleSkin-mc1.12-1.0.14.jar
[01:47:01] [main/DEBUG] [FML]: Examining for coremod candidacy BattleTowers-1.12.2.jar
[01:47:01] [main/DEBUG] [FML]: Not found coremod data in BattleTowers-1.12.2.jar
[01:47:01] [main/DEBUG] [FML]: Examining for coremod candidacy Baubles-1.12-1.5.2.jar
[01:47:01] [main/DEBUG] [FML]: Not found coremod data in Baubles-1.12-1.5.2.jar
[01:47:01] [main/DEBUG] [FML]: Examining for coremod candidacy BiomesOPlenty-1.12.2-7.0.1.2445-universal.jar
[01:47:01] [main/DEBUG] [FML]: Not found coremod data in BiomesOPlenty-1.12.2-7.0.1.2445-universal.jar
[01:47:01] [main/DEBUG] [FML]: Examining for coremod candidacy BloodMagic-1.12.2-2.4.3-105.jar
[01:47:01] [main/DEBUG] [FML]: Not found coremod data in BloodMagic-1.12.2-2.4.3-105.jar
[01:47:01] [main/DEBUG] [FML]: Examining for coremod candidacy CodeChickenLib-1.12.2-3.2.3.358-universal.jar
[01:47:01] [main/DEBUG] [FML]: Not found coremod data in CodeChickenLib-1.12.2-3.2.3.358-universal.jar
[01:47:01] [main/DEBUG] [FML]: Examining for coremod candidacy CreativeCore_v1.10.71_mc1.12.2.jar
[01:47:01] [main/DEBUG] [FML]: Instantiating coremod class CreativePatchingLoader
[01:47:01] [main/DEBUG] [FML]: The coremod CreativePatchingLoader (com.creativemd.creativecore.core.CreativePatchingLoader) is not signed!
[01:47:01] [main/DEBUG] [FML]: Enqueued coremod CreativePatchingLoader
[01:47:01] [main/DEBUG] [FML]: Examining for coremod candidacy CustomNPCs_1.12.2-(05Jul20).jar
[01:47:01] [main/DEBUG] [FML]: Not found coremod data in CustomNPCs_1.12.2-(05Jul20).jar
[01:47:01] [main/DEBUG] [FML]: Examining for coremod candidacy dldungeonsjbg-1.14.14-MC1.12.2.jar
[01:47:01] [main/DEBUG] [FML]: Not found coremod data in dldungeonsjbg-1.14.14-MC1.12.2.jar
[01:47:01] [main/DEBUG] [FML]: Examining for coremod candidacy DynamicSurroundings-1.12.2-3.6.3.jar
[01:47:01] [main/INFO] [FML]: Loading tweaker org.spongepowered.asm.launch.MixinTweaker from DynamicSurroundings-1.12.2-3.6.3.jar
[01:47:01] [main/DEBUG] [FML]: Examining for coremod candidacy ElectroblobsWizardry-4.3.14.jar
[01:47:01] [main/DEBUG] [FML]: Not found coremod data in ElectroblobsWizardry-4.3.14.jar
[01:47:01] [main/DEBUG] [FML]: Examining for coremod candidacy EpicFightMod-1.12.2-2.2.8.jar
[01:47:01] [main/DEBUG] [FML]: Not found coremod data in EpicFightMod-1.12.2-2.2.8.jar
[01:47:01] [main/DEBUG] [FML]: Examining for coremod candidacy firstaid-1.6.22.jar
[01:47:01] [main/DEBUG] [FML]: Not found coremod data in firstaid-1.6.22.jar
[01:47:01] [main/DEBUG] [FML]: Examining for coremod candidacy FTBLib-5.4.7.0.jar
[01:47:01] [main/DEBUG] [FML]: Not found coremod data in FTBLib-5.4.7.0.jar
[01:47:01] [main/DEBUG] [FML]: Examining for coremod candidacy FTBQuests-1.8.1.239.jar
[01:47:01] [main/DEBUG] [FML]: Not found coremod data in FTBQuests-1.8.1.239.jar
[01:47:01] [main/DEBUG] [FML]: Examining for coremod candidacy Guide-API-1.12-2.1.8-63.jar
[01:47:01] [main/DEBUG] [FML]: Not found coremod data in Guide-API-1.12-2.1.8-63.jar
[01:47:01] [main/DEBUG] [FML]: Examining for coremod candidacy iceandfire-1.9.1-1.12.2.jar
[01:47:01] [main/DEBUG] [FML]: Instantiating coremod class IceAndFirePlugin
[01:47:01] [main/TRACE] [FML]: coremod named iceandfire is loading
[01:47:01] [main/DEBUG] [FML]: The coremod iceandfire (com.github.alexthe666.iceandfire.asm.IceAndFirePlugin) is not signed!
[01:47:01] [main/DEBUG] [FML]: Enqueued coremod iceandfire
[01:47:01] [main/DEBUG] [FML]: Examining for coremod candidacy ItemFilters-1.0.4.2.jar
[01:47:01] [main/DEBUG] [FML]: Not found coremod data in ItemFilters-1.0.4.2.jar
[01:47:01] [main/DEBUG] [FML]: Examining for coremod candidacy jei_1.12.2-4.16.1.1013.jar
[01:47:01] [main/DEBUG] [FML]: Not found coremod data in jei_1.12.2-4.16.1.1013.jar
[01:47:01] [main/DEBUG] [FML]: Examining for coremod candidacy levelup2-1.5.8.jar
[01:47:01] [main/INFO] [FML]: Loading tweaker org.spongepowered.asm.launch.MixinTweaker from levelup2-1.5.8.jar
[01:47:01] [main/DEBUG] [FML]: Examining for coremod candidacy MathParser.org-mXparser-4.0.0.jar
[01:47:01] [main/DEBUG] [FML]: Not found coremod data in MathParser.org-mXparser-4.0.0.jar
[01:47:01] [main/DEBUG] [FML]: Examining for coremod candidacy millenaire-8.1.2.jar
[01:47:01] [main/DEBUG] [FML]: Not found coremod data in millenaire-8.1.2.jar
[01:47:01] [main/DEBUG] [FML]: Examining for coremod candidacy Mine and Slash-1.12.2-1.9.7.jar
[01:47:01] [main/DEBUG] [FML]: Not found coremod data in Mine and Slash-1.12.2-1.9.7.jar
[01:47:01] [main/DEBUG] [FML]: Examining for coremod candidacy mowziesmobs_1.12.2_1.5.8.jar
[01:47:01] [main/DEBUG] [FML]: Not found coremod data in mowziesmobs_1.12.2_1.5.8.jar
[01:47:01] [main/DEBUG] [FML]: Examining for coremod candidacy mysticallib-1.12.2-1.13.0.jar
[01:47:01] [main/DEBUG] [FML]: Not found coremod data in mysticallib-1.12.2-1.13.0.jar
[01:47:01] [main/DEBUG] [FML]: Examining for coremod candidacy mysticalworld-1.12.2-1.11.0.jar
[01:47:01] [main/DEBUG] [FML]: Not found coremod data in mysticalworld-1.12.2-1.11.0.jar
[01:47:01] [main/DEBUG] [FML]: Examining for coremod candidacy Patchouli-1.0-23.6.jar
[01:47:01] [main/DEBUG] [FML]: Not found coremod data in Patchouli-1.0-23.6.jar
[01:47:01] [main/DEBUG] [FML]: Examining for coremod candidacy PlayerRevive_v1.2.40_mc1.12.2.jar
[01:47:01] [main/DEBUG] [FML]: Examining for coremod candidacy RoguelikeDungeons-1.12.2-1.8.0.jar
[01:47:01] [main/DEBUG] [FML]: Not found coremod data in RoguelikeDungeons-1.12.2-1.8.0.jar
[01:47:01] [main/DEBUG] [FML]: Examining for coremod candidacy Roots-1.12.2-3.1.9.2.jar
[01:47:01] [main/DEBUG] [FML]: Not found coremod data in Roots-1.12.2-3.1.9.2.jar
[01:47:01] [main/DEBUG] [FML]: Examining for coremod candidacy rustic-1.2.0.jar
[01:47:01] [main/DEBUG] [FML]: Not found coremod data in rustic-1.2.0.jar
[01:47:01] [main/DEBUG] [FML]: Examining for coremod candidacy SpartanShields-1.12.2-1.5.5.jar
[01:47:01] [main/DEBUG] [FML]: Not found coremod data in SpartanShields-1.12.2-1.5.5.jar
[01:47:01] [main/DEBUG] [FML]: Examining for coremod candidacy SpartanWeaponry-1.12.2-1.6.0.jar
[01:47:01] [main/INFO] [FML]: Loading tweaker org.spongepowered.asm.launch.MixinTweaker from SpartanWeaponry-1.12.2-1.6.0.jar
[01:47:01] [main/DEBUG] [FML]: Examining for coremod candidacy Waystones_1.12.2-4.1.0.jar
[01:47:01] [main/DEBUG] [FML]: Not found coremod data in Waystones_1.12.2-4.1.0.jar
[01:47:01] [main/DEBUG] [FML]: Examining for coremod candidacy structurize-1.12.2-0.10.277-RELEASE.jar
[01:47:01] [main/DEBUG] [FML]: Not found coremod data in structurize-1.12.2-0.10.277-RELEASE.jar
[01:47:01] [main/DEBUG] [FML]: Examining for coremod candidacy minecolonies-1.12.2-0.11.841-BETA-universal.jar
[01:47:01] [main/DEBUG] [FML]: Not found coremod data in minecolonies-1.12.2-0.11.841-BETA-universal.jar
[01:47:01] [main/DEBUG] [FML]: Examining for coremod candidacy OreLib-1.12.2-3.6.0.1.jar
[01:47:01] [main/DEBUG] [FML]: Not found coremod data in OreLib-1.12.2-3.6.0.1.jar
[01:47:01] [main/DEBUG] [FML]: Examining for coremod candidacy llibrary-core-1.0.11-1.12.2.jar
[01:47:01] [main/TRACE] [FML]: Adding llibrary-core-1.0.11-1.12.2.jar to the list of known coremods, it will not be examined again
[01:47:01] [main/DEBUG] [FML]: Instantiating coremod class LLibraryPlugin
[01:47:02] [main/TRACE] [FML]: coremod named llibrary is loading
[01:47:02] [main/DEBUG] [FML]: Found signing certificates for coremod llibrary (net.ilexiconn.llibrary.server.core.plugin.LLibraryPlugin)
[01:47:02] [main/DEBUG] [FML]: Found certificate b9f30a813bee3b9dd5652c460310cfcd54f6b7ec
[01:47:02] [main/DEBUG] [FML]: Enqueued coremod llibrary
[01:47:02] [main/DEBUG] [FML]: Examining for coremod candidacy llibrary-1.7.20-1.12.2.jar
[01:47:02] [main/DEBUG] [FML]: Not found coremod data in llibrary-1.7.20-1.12.2.jar
[01:47:02] [main/INFO] [LaunchWrapper]: Loading tweak class name net.minecraftforge.fml.common.launcher.FMLInjectionAndSortingTweaker
[01:47:02] [main/INFO] [LaunchWrapper]: Loading tweak class name org.spongepowered.asm.launch.MixinTweaker
[01:47:02] [main/DEBUG] [mixin]: Mixin bootstrap service org.spongepowered.asm.service.modlauncher.MixinServiceModLauncherBootstrap is not available: ModLauncher is not available
[01:47:02] [main/DEBUG] [mixin]: MixinService [LaunchWrapper] was successfully booted in sun.misc.Launcher$AppClassLoader@677327b6
[01:47:02] [main/INFO] [mixin]: SpongePowered MIXIN Subsystem Version=0.8 Source=file:/workspaces/EPICILand/servidor_minecraft/./mods/DynamicSurroundings-1.12.2-3.6.3.jar Service=LaunchWrapper Env=SERVER
[01:47:02] [main/DEBUG] [mixin]: Error cleaning class output directory: .mixin.out/class: failed to delete one or more files; see suppressed exceptions for details
[01:47:02] [main/DEBUG] [mixin]: Adding new mixin transformer proxy #1
[01:47:02] [main/DEBUG] [mixin]: Initialising Mixin Platform Manager
[01:47:02] [main/DEBUG] [mixin]: Adding mixin platform agents for container ContainerHandleURI(file:/workspaces/EPICILand/servidor_minecraft/./mods/DynamicSurroundings-1.12.2-3.6.3.jar)
[01:47:02] [main/DEBUG] [mixin]: Instancing new MixinPlatformAgentFMLLegacy for ContainerHandleURI(file:/workspaces/EPICILand/servidor_minecraft/./mods/DynamicSurroundings-1.12.2-3.6.3.jar)
[01:47:02] [main/DEBUG] [mixin]: ForceLoadAsMod was specified for DynamicSurroundings-1.12.2-3.6.3.jar, attempting force-load
[01:47:02] [main/DEBUG] [mixin]: Adding DynamicSurroundings-1.12.2-3.6.3.jar to reparseable coremod collection
[01:47:02] [main/DEBUG] [mixin]: DynamicSurroundings-1.12.2-3.6.3.jar has core plugin org.orecruncher.dsurround.mixins.TransformLoader. Injecting it into FML for co-initialisation:
[01:47:02] [main/DEBUG] [FML]: Instantiating coremod class TransformLoader
[01:47:02] [main/DEBUG] [FML]: The coremod TransformLoader (org.orecruncher.dsurround.mixins.TransformLoader) is not signed!
[01:47:02] [main/DEBUG] [FML]: Enqueued coremod TransformLoader
[01:47:02] [main/DEBUG] [mixin]: MixinPlatformAgentFMLLegacy accepted container ContainerHandleURI(file:/workspaces/EPICILand/servidor_minecraft/./mods/DynamicSurroundings-1.12.2-3.6.3.jar)
[01:47:02] [main/DEBUG] [mixin]: Instancing new MixinPlatformAgentLiteLoaderLegacy for ContainerHandleURI(file:/workspaces/EPICILand/servidor_minecraft/./mods/DynamicSurroundings-1.12.2-3.6.3.jar)
[01:47:02] [main/DEBUG] [mixin]: MixinPlatformAgentLiteLoaderLegacy rejected container ContainerHandleURI(file:/workspaces/EPICILand/servidor_minecraft/./mods/DynamicSurroundings-1.12.2-3.6.3.jar)
[01:47:02] [main/DEBUG] [mixin]: Instancing new MixinPlatformAgentDefault for ContainerHandleURI(file:/workspaces/EPICILand/servidor_minecraft/./mods/DynamicSurroundings-1.12.2-3.6.3.jar)
[01:47:02] [main/DEBUG] [mixin]: MixinPlatformAgentDefault accepted container ContainerHandleURI(file:/workspaces/EPICILand/servidor_minecraft/./mods/DynamicSurroundings-1.12.2-3.6.3.jar)
[01:47:02] [main/DEBUG] [mixin]: Scanning file:/workspaces/EPICILand/servidor_minecraft/mohist.jar for mixin tweaker
[01:47:02] [main/DEBUG] [mixin]: Scanning file:/workspaces/EPICILand/servidor_minecraft/libraries/com/googlecode/json-simple/json-simple/1.1.1/json-simple-1.1.1.jar for mixin tweaker
[01:47:02] [main/DEBUG] [mixin]: Scanning file:/workspaces/EPICILand/servidor_minecraft/libraries/com/typesafe/akka/akka-actor_2.11/2.3.3/akka-actor_2.11-2.3.3.jar for mixin tweaker
[01:47:02] [main/DEBUG] [mixin]: Scanning file:/workspaces/EPICILand/servidor_minecraft/libraries/com/typesafe/config/1.3.1/config-1.3.1.jar for mixin tweaker
[01:47:02] [main/DEBUG] [mixin]: Scanning file:/workspaces/EPICILand/servidor_minecraft/libraries/commons-lang/commons-lang/2.6/commons-lang-2.6.jar for mixin tweaker
[01:47:02] [main/DEBUG] [mixin]: Scanning file:/workspaces/EPICILand/servidor_minecraft/libraries/java3d/vecmath/1.5.2/vecmath-1.5.2.jar for mixin tweaker
[01:47:02] [main/DEBUG] [mixin]: Scanning file:/workspaces/EPICILand/servidor_minecraft/libraries/jline/jline/2.13/jline-2.13.jar for mixin tweaker
[01:47:02] [main/DEBUG] [mixin]: Scanning file:/workspaces/EPICILand/servidor_minecraft/libraries/lzma/lzma/0.0.1/lzma-0.0.1.jar for mixin tweaker
[01:47:02] [main/DEBUG] [mixin]: Scanning file:/workspaces/EPICILand/servidor_minecraft/libraries/mysql/mysql-connector-java/5.1.46/mysql-connector-java-5.1.46.jar for mixin tweaker
[01:47:02] [main/DEBUG] [mixin]: Scanning file:/workspaces/EPICILand/servidor_minecraft/libraries/net/java/dev/jna/jna/4.4.0/jna-4.4.0.jar for mixin tweaker
[01:47:02] [main/DEBUG] [mixin]: Scanning file:/workspaces/EPICILand/servidor_minecraft/libraries/net/md-5/bungeecord-chat/1.12-SNAPSHOT/bungeecord-chat-1.12-SNAPSHOT.jar for mixin tweaker
[01:47:02] [main/DEBUG] [mixin]: Scanning file:/workspaces/EPICILand/servidor_minecraft/libraries/net/md-5/SpecialSource/1.8.5/SpecialSource-1.8.5.jar for mixin tweaker
[01:47:02] [main/DEBUG] [mixin]: Scanning file:/workspaces/EPICILand/servidor_minecraft/libraries/net/minecraft/launchwrapper/1.12/launchwrapper-1.12.jar for mixin tweaker
[01:47:02] [main/DEBUG] [mixin]: Scanning file:/workspaces/EPICILand/servidor_minecraft/libraries/net/sf/jopt-simple/jopt-simple/5.0.3/jopt-simple-5.0.3.jar for mixin tweaker
[01:47:02] [main/DEBUG] [mixin]: Scanning file:/workspaces/EPICILand/servidor_minecraft/libraries/net/sf/trove4j/trove4j/3.0.3/trove4j-3.0.3.jar for mixin tweaker
[01:47:02] [main/DEBUG] [mixin]: Scanning file:/workspaces/EPICILand/servidor_minecraft/libraries/org/apache/commons/commons-lang3/3.5/commons-lang3-3.5.jar for mixin tweaker
[01:47:02] [main/DEBUG] [mixin]: Scanning file:/workspaces/EPICILand/servidor_minecraft/libraries/org/apache/maven/maven-artifact/3.5.3/maven-artifact-3.5.3.jar for mixin tweaker
[01:47:02] [main/DEBUG] [mixin]: Scanning file:/workspaces/EPICILand/servidor_minecraft/libraries/org/jline/jline/3.5.1/jline-3.5.1.jar for mixin tweaker
[01:47:02] [main/DEBUG] [mixin]: Scanning file:/workspaces/EPICILand/servidor_minecraft/libraries/org/ow2/asm/asm-debug-all/5.2/asm-debug-all-5.2.jar for mixin tweaker
[01:47:02] [main/DEBUG] [mixin]: Scanning file:/workspaces/EPICILand/servidor_minecraft/libraries/org/scala-lang/plugins/scala-continuations-library_2.11/1.0.2_mc/scala-continuations-library_2.11-1.0.2_mc.jar for mixin tweaker
[01:47:02] [main/DEBUG] [mixin]: Scanning file:/workspaces/EPICILand/servidor_minecraft/libraries/org/scala-lang/plugins/scala-continuations-plugin_2.11.1/1.0.2_mc/scala-continuations-plugin_2.11.1-1.0.2_mc.jar for mixin tweaker
[01:47:02] [main/DEBUG] [mixin]: Scanning file:/workspaces/EPICILand/servidor_minecraft/libraries/org/scala-lang/scala-actors-migration_2.11/1.1.0/scala-actors-migration_2.11-1.1.0.jar for mixin tweaker
[01:47:02] [main/DEBUG] [mixin]: Scanning file:/workspaces/EPICILand/servidor_minecraft/libraries/org/scala-lang/scala-compiler/2.11.1/scala-compiler-2.11.1.jar for mixin tweaker
[01:47:02] [main/DEBUG] [mixin]: Scanning file:/workspaces/EPICILand/servidor_minecraft/libraries/org/scala-lang/scala-library/2.11.1/scala-library-2.11.1.jar for mixin tweaker
[01:47:02] [main/DEBUG] [mixin]: Scanning file:/workspaces/EPICILand/servidor_minecraft/libraries/org/scala-lang/scala-parser-combinators_2.11/1.0.1/scala-parser-combinators_2.11-1.0.1.jar for mixin tweaker
[01:47:02] [main/DEBUG] [mixin]: Scanning file:/workspaces/EPICILand/servidor_minecraft/libraries/org/scala-lang/scala-reflect/2.11.1/scala-reflect-2.11.1.jar for mixin tweaker
[01:47:02] [main/DEBUG] [mixin]: Scanning file:/workspaces/EPICILand/servidor_minecraft/libraries/org/scala-lang/scala-swing_2.11/1.0.1/scala-swing_2.11-1.0.1.jar for mixin tweaker
[01:47:02] [main/DEBUG] [mixin]: Scanning file:/workspaces/EPICILand/servidor_minecraft/libraries/org/scala-lang/scala-xml_2.11/1.0.2/scala-xml_2.11-1.0.2.jar for mixin tweaker
[01:47:02] [main/DEBUG] [mixin]: Scanning file:/workspaces/EPICILand/servidor_minecraft/libraries/org/xerial/sqlite-jdbc/3.21.0.1/sqlite-jdbc-3.21.0.1.jar for mixin tweaker
[01:47:02] [main/DEBUG] [mixin]: Scanning file:/workspaces/EPICILand/servidor_minecraft/libraries/org/yaml/snakeyaml/1.19/snakeyaml-1.19.jar for mixin tweaker
[01:47:02] [main/DEBUG] [mixin]: Scanning file:/workspaces/EPICILand/servidor_minecraft/libraries/org/slf4j/slf4j-api/1.7.30/slf4j-api-1.7.30.jar for mixin tweaker
[01:47:02] [main/DEBUG] [mixin]: Scanning file:/workspaces/EPICILand/servidor_minecraft/libraries/org/slf4j/slf4j-nop/1.7.30/slf4j-nop-1.7.30.jar for mixin tweaker
[01:47:02] [main/DEBUG] [mixin]: Scanning file:/workspaces/EPICILand/servidor_minecraft/libraries/io/netty/netty-all/4.1.24.Final/netty-all-4.1.24.Final.jar for mixin tweaker
[01:47:02] [main/DEBUG] [mixin]: Scanning file:/workspaces/EPICILand/servidor_minecraft/libraries/org/apache/logging/log4j/log4j-api/2.17.1/log4j-api-2.17.1.jar for mixin tweaker
[01:47:02] [main/DEBUG] [mixin]: Scanning file:/workspaces/EPICILand/servidor_minecraft/libraries/org/apache/logging/log4j/log4j-core/2.17.1/log4j-core-2.17.1.jar for mixin tweaker
[01:47:02] [main/DEBUG] [mixin]: Scanning file:/workspaces/EPICILand/servidor_minecraft/libraries/net/minecraft/1.12.2/minecraft_server.1.12.2.jar for mixin tweaker
[01:47:02] [main/DEBUG] [mixin]: Scanning file:/workspaces/EPICILand/servidor_minecraft/./mods/CreativeCore_v1.10.71_mc1.12.2.jar for mixin tweaker
[01:47:02] [main/DEBUG] [mixin]: Scanning file:/workspaces/EPICILand/servidor_minecraft/./mods/DynamicSurroundings-1.12.2-3.6.3.jar for mixin tweaker
[01:47:02] [main/DEBUG] [mixin]: Scanning file:/workspaces/EPICILand/servidor_minecraft/./mods/iceandfire-1.9.1-1.12.2.jar for mixin tweaker
[01:47:02] [main/DEBUG] [mixin]: Scanning file:/workspaces/EPICILand/servidor_minecraft/./mods/levelup2-1.5.8.jar for mixin tweaker
[01:47:02] [main/DEBUG] [mixin]: Scanning file:/workspaces/EPICILand/servidor_minecraft/./mods/SpartanWeaponry-1.12.2-1.6.0.jar for mixin tweaker
[01:47:02] [main/DEBUG] [mixin]: Scanning file:/workspaces/EPICILand/servidor_minecraft/./mods/memory_repo/net/ilexiconn/llibrary-core/1.0.11-1.12.2/llibrary-core-1.0.11-1.12.2.jar for mixin tweaker
[01:47:02] [main/DEBUG] [mixin]: Adding agents for Mixin Container ContainerHandleURI(file:/workspaces/EPICILand/servidor_minecraft/./mods/DynamicSurroundings-1.12.2-3.6.3.jar)
[01:47:02] [main/DEBUG] [mixin]: Adding agents for Mixin Container ContainerHandleURI(file:/workspaces/EPICILand/servidor_minecraft/./mods/levelup2-1.5.8.jar)
[01:47:02] [main/DEBUG] [mixin]: Adding mixin platform agents for container ContainerHandleURI(file:/workspaces/EPICILand/servidor_minecraft/./mods/levelup2-1.5.8.jar)
[01:47:02] [main/DEBUG] [mixin]: Instancing new MixinPlatformAgentFMLLegacy for ContainerHandleURI(file:/workspaces/EPICILand/servidor_minecraft/./mods/levelup2-1.5.8.jar)
[01:47:02] [main/DEBUG] [mixin]: ForceLoadAsMod was specified for levelup2-1.5.8.jar, attempting force-load
[01:47:02] [main/DEBUG] [mixin]: Adding levelup2-1.5.8.jar to reparseable coremod collection
[01:47:02] [main/DEBUG] [mixin]: levelup2-1.5.8.jar has core plugin levelup2.core.LevelUpCore. Injecting it into FML for co-initialisation:
[01:47:02] [main/DEBUG] [FML]: Instantiating coremod class LevelUpCore
[01:47:02] [main/DEBUG] [FML]: The coremod LevelUpCore (levelup2.core.LevelUpCore) is not signed!
[01:47:02] [main/INFO] [mixin]: Compatibility level set to JAVA_8
[01:47:02] [main/DEBUG] [FML]: Enqueued coremod LevelUpCore
[01:47:02] [main/DEBUG] [mixin]: MixinPlatformAgentFMLLegacy accepted container ContainerHandleURI(file:/workspaces/EPICILand/servidor_minecraft/./mods/levelup2-1.5.8.jar)
[01:47:02] [main/DEBUG] [mixin]: Instancing new MixinPlatformAgentLiteLoaderLegacy for ContainerHandleURI(file:/workspaces/EPICILand/servidor_minecraft/./mods/levelup2-1.5.8.jar)
[01:47:02] [main/DEBUG] [mixin]: MixinPlatformAgentLiteLoaderLegacy rejected container ContainerHandleURI(file:/workspaces/EPICILand/servidor_minecraft/./mods/levelup2-1.5.8.jar)
[01:47:02] [main/DEBUG] [mixin]: Instancing new MixinPlatformAgentDefault for ContainerHandleURI(file:/workspaces/EPICILand/servidor_minecraft/./mods/levelup2-1.5.8.jar)
[01:47:02] [main/DEBUG] [mixin]: MixinPlatformAgentDefault accepted container ContainerHandleURI(file:/workspaces/EPICILand/servidor_minecraft/./mods/levelup2-1.5.8.jar)
[01:47:02] [main/DEBUG] [mixin]: Adding agents for Mixin Container ContainerHandleURI(file:/workspaces/EPICILand/servidor_minecraft/./mods/SpartanWeaponry-1.12.2-1.6.0.jar)
[01:47:02] [main/DEBUG] [mixin]: Adding mixin platform agents for container ContainerHandleURI(file:/workspaces/EPICILand/servidor_minecraft/./mods/SpartanWeaponry-1.12.2-1.6.0.jar)
[01:47:02] [main/DEBUG] [mixin]: Instancing new MixinPlatformAgentFMLLegacy for ContainerHandleURI(file:/workspaces/EPICILand/servidor_minecraft/./mods/SpartanWeaponry-1.12.2-1.6.0.jar)
[01:47:02] [main/DEBUG] [mixin]: ForceLoadAsMod was specified for SpartanWeaponry-1.12.2-1.6.0.jar, attempting force-load
[01:47:02] [main/DEBUG] [mixin]: Adding SpartanWeaponry-1.12.2-1.6.0.jar to reparseable coremod collection
[01:47:02] [main/DEBUG] [mixin]: SpartanWeaponry-1.12.2-1.6.0.jar has core plugin com.oblivioussp.spartanweaponry.mixin.MixinLoader. Injecting it into FML for co-initialisation:
[01:47:02] [main/DEBUG] [FML]: Instantiating coremod class MixinLoader
[01:47:02] [main/TRACE] [FML]: coremod named SpartanWeaponry-MixinLoader is loading
[01:47:02] [main/DEBUG] [FML]: The coremod SpartanWeaponry-MixinLoader (com.oblivioussp.spartanweaponry.mixin.MixinLoader) is not signed!
[01:47:02] [main/DEBUG] [FML]: Enqueued coremod SpartanWeaponry-MixinLoader
[01:47:02] [main/DEBUG] [mixin]: MixinPlatformAgentFMLLegacy accepted container ContainerHandleURI(file:/workspaces/EPICILand/servidor_minecraft/./mods/SpartanWeaponry-1.12.2-1.6.0.jar)
[01:47:02] [main/DEBUG] [mixin]: Instancing new MixinPlatformAgentLiteLoaderLegacy for ContainerHandleURI(file:/workspaces/EPICILand/servidor_minecraft/./mods/SpartanWeaponry-1.12.2-1.6.0.jar)
[01:47:02] [main/DEBUG] [mixin]: MixinPlatformAgentLiteLoaderLegacy rejected container ContainerHandleURI(file:/workspaces/EPICILand/servidor_minecraft/./mods/SpartanWeaponry-1.12.2-1.6.0.jar)
[01:47:02] [main/DEBUG] [mixin]: Instancing new MixinPlatformAgentDefault for ContainerHandleURI(file:/workspaces/EPICILand/servidor_minecraft/./mods/SpartanWeaponry-1.12.2-1.6.0.jar)
[01:47:02] [main/DEBUG] [mixin]: MixinPlatformAgentDefault accepted container ContainerHandleURI(file:/workspaces/EPICILand/servidor_minecraft/./mods/SpartanWeaponry-1.12.2-1.6.0.jar)
[01:47:02] [main/WARN] [LaunchWrapper]: Tweak class name org.spongepowered.asm.launch.MixinTweaker has already been visited -- skipping
[01:47:02] [main/WARN] [LaunchWrapper]: Tweak class name org.spongepowered.asm.launch.MixinTweaker has already been visited -- skipping
[01:47:02] [main/INFO] [LaunchWrapper]: Loading tweak class name net.minecraftforge.fml.common.launcher.FMLDeobfTweaker
[01:47:02] [main/INFO] [LaunchWrapper]: Calling tweak class net.minecraftforge.fml.common.launcher.FMLInjectionAndSortingTweaker
[01:47:02] [main/INFO] [LaunchWrapper]: Calling tweak class net.minecraftforge.fml.common.launcher.FMLInjectionAndSortingTweaker
[01:47:02] [main/INFO] [LaunchWrapper]: Calling tweak class net.minecraftforge.fml.relauncher.CoreModManager$FMLPluginWrapper
[01:47:02] [main/DEBUG] [FML]: Injecting coremod FMLCorePlugin \{net.minecraftforge.fml.relauncher.FMLCorePlugin\} class transformers
[01:47:02] [main/TRACE] [FML]: Registering transformer net.minecraftforge.fml.common.asm.transformers.SideTransformer
[01:47:02] [main/DEBUG] [mixin]: Preparing mixins for MixinEnvironment[PREINIT]
[01:47:02] [main/TRACE] [FML]: Registering transformer net.minecraftforge.fml.common.asm.transformers.EventSubscriptionTransformer
[01:47:02] [main/TRACE] [FML]: Registering transformer net.minecraftforge.fml.common.asm.transformers.EventSubscriberTransformer
[01:47:02] [main/TRACE] [FML]: Registering transformer net.minecraftforge.fml.common.asm.transformers.SoundEngineFixTransformer
[01:47:02] [main/DEBUG] [FML]: Injection complete
[01:47:02] [main/DEBUG] [FML]: Running coremod plugin for FMLCorePlugin \{net.minecraftforge.fml.relauncher.FMLCorePlugin\}
[01:47:02] [main/DEBUG] [FML]: Running coremod plugin FMLCorePlugin
